Analysis & Synthesis report for conv3x3_time_multiplex
Mon Jun 09 01:20:25 2025
Quartus Prime Version 20.1.0 Build 711 06/05/2020 SJ Lite Edition


---------------------
; Table of Contents ;
---------------------
  1. Legal Notice
  2. Analysis & Synthesis Summary
  3. Analysis & Synthesis Settings
  4. Parallel Compilation
  5. Analysis & Synthesis Source Files Read
  6. Analysis & Synthesis Resource Usage Summary
  7. Analysis & Synthesis Resource Utilization by Entity
  8. Analysis & Synthesis RAM Summary
  9. Analysis & Synthesis DSP Block Usage Summary
 10. Analysis & Synthesis IP Cores Summary
 11. General Register Statistics
 12. Multiplexer Restructuring Statistics (Restructuring Performed)
 13. Source assignments for weight:weight_rom_inst|altsyncram:altsyncram_component|altsyncram_lhr1:auto_generated
 14. Source assignments for bias:bias_rom_inst|altsyncram:altsyncram_component|altsyncram_q632:auto_generated
 15. Parameter Settings for User Entity Instance: Top-level Entity: |conv3x3_time_multiplex
 16. Parameter Settings for User Entity Instance: sliding_window_3x3:slider
 17. Parameter Settings for User Entity Instance: weight:weight_rom_inst|altsyncram:altsyncram_component
 18. Parameter Settings for User Entity Instance: bias:bias_rom_inst|altsyncram:altsyncram_component
 19. Parameter Settings for User Entity Instance: conv3x3_core:core
 20. Parameter Settings for Inferred Entity Instance: sliding_window_3x3:slider|lpm_divide:Mod0
 21. Parameter Settings for Inferred Entity Instance: sliding_window_3x3:slider|lpm_divide:Mod1
 22. altsyncram Parameter Settings by Entity Instance
 23. Port Connectivity Checks: "bias:bias_rom_inst"
 24. Port Connectivity Checks: "weight:weight_rom_inst"
 25. Post-Synthesis Netlist Statistics for Top Partition
 26. Elapsed Time Per Partition
 27. Analysis & Synthesis Messages



----------------
; Legal Notice ;
----------------
Copyright (C) 2020  Intel Corporation. All rights reserved.
Your use of Intel Corporation's design tools, logic functions 
and other software and tools, and any partner logic 
functions, and any output files from any of the foregoing 
(including device programming or simulation files), and any 
associated documentation or information are expressly subject 
to the terms and conditions of the Intel Program License 
Subscription Agreement, the Intel Quartus Prime License Agreement,
the Intel FPGA IP License Agreement, or other applicable license
agreement, including, without limitation, that your use is for
the sole purpose of programming logic devices manufactured by
Intel and sold by Intel or its authorized distributors.  Please
refer to the applicable agreement for further details, at
https://fpgasoftware.intel.com/eula.



+-------------------------------------------------------------------------------+
; Analysis & Synthesis Summary                                                  ;
+---------------------------------+---------------------------------------------+
; Analysis & Synthesis Status     ; Successful - Mon Jun 09 01:20:25 2025       ;
; Quartus Prime Version           ; 20.1.0 Build 711 06/05/2020 SJ Lite Edition ;
; Revision Name                   ; conv3x3_time_multiplex                      ;
; Top-level Entity Name           ; conv3x3_time_multiplex                      ;
; Family                          ; Cyclone V                                   ;
; Logic utilization (in ALMs)     ; N/A                                         ;
; Total registers                 ; 729                                         ;
; Total pins                      ; 20                                          ;
; Total virtual pins              ; 0                                           ;
; Total block memory bits         ; 4,352                                       ;
; Total DSP Blocks                ; 8                                           ;
; Total HSSI RX PCSs              ; 0                                           ;
; Total HSSI PMA RX Deserializers ; 0                                           ;
; Total HSSI TX PCSs              ; 0                                           ;
; Total HSSI PMA TX Serializers   ; 0                                           ;
; Total PLLs                      ; 0                                           ;
; Total DLLs                      ; 0                                           ;
+---------------------------------+---------------------------------------------+


+-----------------------------------------------------------------------------------------------------------------------------------+
; Analysis & Synthesis Settings                                                                                                     ;
+---------------------------------------------------------------------------------+------------------------+------------------------+
; Option                                                                          ; Setting                ; Default Value          ;
+---------------------------------------------------------------------------------+------------------------+------------------------+
; Device                                                                          ; 5CGXFC7C7F23C8         ;                        ;
; Top-level entity name                                                           ; conv3x3_time_multiplex ; conv3x3_time_multiplex ;
; Family name                                                                     ; Cyclone V              ; Cyclone V              ;
; Use smart compilation                                                           ; Off                    ; Off                    ;
; Enable parallel Assembler and Timing Analyzer during compilation                ; On                     ; On                     ;
; Enable compact report table                                                     ; Off                    ; Off                    ;
; Restructure Multiplexers                                                        ; Auto                   ; Auto                   ;
; MLAB Add Timing Constraints For Mixed-Port Feed-Through Mode Setting Don't Care ; Off                    ; Off                    ;
; Create Debugging Nodes for IP Cores                                             ; Off                    ; Off                    ;
; Preserve fewer node names                                                       ; On                     ; On                     ;
; Intel FPGA IP Evaluation Mode                                                   ; Enable                 ; Enable                 ;
; Verilog Version                                                                 ; Verilog_2001           ; Verilog_2001           ;
; VHDL Version                                                                    ; VHDL_1993              ; VHDL_1993              ;
; State Machine Processing                                                        ; Auto                   ; Auto                   ;
; Safe State Machine                                                              ; Off                    ; Off                    ;
; Extract Verilog State Machines                                                  ; On                     ; On                     ;
; Extract VHDL State Machines                                                     ; On                     ; On                     ;
; Ignore Verilog initial constructs                                               ; Off                    ; Off                    ;
; Iteration limit for constant Verilog loops                                      ; 5000                   ; 5000                   ;
; Iteration limit for non-constant Verilog loops                                  ; 250                    ; 250                    ;
; Add Pass-Through Logic to Inferred RAMs                                         ; On                     ; On                     ;
; Infer RAMs from Raw Logic                                                       ; On                     ; On                     ;
; Parallel Synthesis                                                              ; On                     ; On                     ;
; DSP Block Balancing                                                             ; Auto                   ; Auto                   ;
; NOT Gate Push-Back                                                              ; On                     ; On                     ;
; Power-Up Don't Care                                                             ; On                     ; On                     ;
; Remove Redundant Logic Cells                                                    ; Off                    ; Off                    ;
; Remove Duplicate Registers                                                      ; On                     ; On                     ;
; Ignore CARRY Buffers                                                            ; Off                    ; Off                    ;
; Ignore CASCADE Buffers                                                          ; Off                    ; Off                    ;
; Ignore GLOBAL Buffers                                                           ; Off                    ; Off                    ;
; Ignore ROW GLOBAL Buffers                                                       ; Off                    ; Off                    ;
; Ignore LCELL Buffers                                                            ; Off                    ; Off                    ;
; Ignore SOFT Buffers                                                             ; On                     ; On                     ;
; Limit AHDL Integers to 32 Bits                                                  ; Off                    ; Off                    ;
; Optimization Technique                                                          ; Balanced               ; Balanced               ;
; Carry Chain Length                                                              ; 70                     ; 70                     ;
; Auto Carry Chains                                                               ; On                     ; On                     ;
; Auto Open-Drain Pins                                                            ; On                     ; On                     ;
; Perform WYSIWYG Primitive Resynthesis                                           ; Off                    ; Off                    ;
; Auto ROM Replacement                                                            ; On                     ; On                     ;
; Auto RAM Replacement                                                            ; On                     ; On                     ;
; Auto DSP Block Replacement                                                      ; On                     ; On                     ;
; Auto Shift Register Replacement                                                 ; Auto                   ; Auto                   ;
; Allow Shift Register Merging across Hierarchies                                 ; Auto                   ; Auto                   ;
; Auto Clock Enable Replacement                                                   ; On                     ; On                     ;
; Strict RAM Replacement                                                          ; Off                    ; Off                    ;
; Allow Synchronous Control Signals                                               ; On                     ; On                     ;
; Force Use of Synchronous Clear Signals                                          ; Off                    ; Off                    ;
; Auto Resource Sharing                                                           ; Off                    ; Off                    ;
; Allow Any RAM Size For Recognition                                              ; Off                    ; Off                    ;
; Allow Any ROM Size For Recognition                                              ; Off                    ; Off                    ;
; Allow Any Shift Register Size For Recognition                                   ; Off                    ; Off                    ;
; Use LogicLock Constraints during Resource Balancing                             ; On                     ; On                     ;
; Ignore translate_off and synthesis_off directives                               ; Off                    ; Off                    ;
; Timing-Driven Synthesis                                                         ; On                     ; On                     ;
; Report Parameter Settings                                                       ; On                     ; On                     ;
; Report Source Assignments                                                       ; On                     ; On                     ;
; Report Connectivity Checks                                                      ; On                     ; On                     ;
; Ignore Maximum Fan-Out Assignments                                              ; Off                    ; Off                    ;
; Synchronization Register Chain Length                                           ; 3                      ; 3                      ;
; Power Optimization During Synthesis                                             ; Normal compilation     ; Normal compilation     ;
; HDL message level                                                               ; Level2                 ; Level2                 ;
; Suppress Register Optimization Related Messages                                 ; Off                    ; Off                    ;
; Number of Removed Registers Reported in Synthesis Report                        ; 5000                   ; 5000                   ;
; Number of Swept Nodes Reported in Synthesis Report                              ; 5000                   ; 5000                   ;
; Number of Inverted Registers Reported in Synthesis Report                       ; 100                    ; 100                    ;
; Clock MUX Protection                                                            ; On                     ; On                     ;
; Auto Gated Clock Conversion                                                     ; Off                    ; Off                    ;
; Block Design Naming                                                             ; Auto                   ; Auto                   ;
; SDC constraint protection                                                       ; Off                    ; Off                    ;
; Synthesis Effort                                                                ; Auto                   ; Auto                   ;
; Shift Register Replacement - Allow Asynchronous Clear Signal                    ; On                     ; On                     ;
; Pre-Mapping Resynthesis Optimization                                            ; Off                    ; Off                    ;
; Analysis & Synthesis Message Level                                              ; Medium                 ; Medium                 ;
; Disable Register Merging Across Hierarchies                                     ; Auto                   ; Auto                   ;
; Resource Aware Inference For Block RAM                                          ; On                     ; On                     ;
; Automatic Parallel Synthesis                                                    ; On                     ; On                     ;
; Partial Reconfiguration Bitstream ID                                            ; Off                    ; Off                    ;
+---------------------------------------------------------------------------------+------------------------+------------------------+


+------------------------------------------+
; Parallel Compilation                     ;
+----------------------------+-------------+
; Processors                 ; Number      ;
+----------------------------+-------------+
; Number detected on machine ; 8           ;
; Maximum allowed            ; 4           ;
;                            ;             ;
; Average used               ; 1.00        ;
; Maximum used               ; 4           ;
;                            ;             ;
; Usage by Processor         ; % Time Used ;
;     Processor 1            ; 100.0%      ;
;     Processor 2            ;   0.0%      ;
;     Processor 3            ;   0.0%      ;
;     Processor 4            ;   0.0%      ;
+----------------------------+-------------+


+------------------------------------------------------------------------------------------------------------------------------------------------------------------------------------------------+
; Analysis & Synthesis Source Files Read                                                                                                                                                         ;
+--------------------------------------------+-----------------+----------------------------------------+------------------------------------------------------------------------------+---------+
; File Name with User-Entered Path           ; Used in Netlist ; File Type                              ; File Name with Absolute Path                                                 ; Library ;
+--------------------------------------------+-----------------+----------------------------------------+------------------------------------------------------------------------------+---------+
; ../sliding_window_3x3/sliding_window_3x3.v ; yes             ; User Verilog HDL File                  ; D:/Uni/Conv3x3/sliding_window_3x3/sliding_window_3x3.v                       ;         ;
; ../conv3x3_core/conv3x3_core.v             ; yes             ; User Verilog HDL File                  ; D:/Uni/Conv3x3/conv3x3_core/conv3x3_core.v                                   ;         ;
; conv3x3_time_multiplex.v                   ; yes             ; User Verilog HDL File                  ; D:/Uni/Conv3x3/conv3x3_time_multiplex/conv3x3_time_multiplex.v               ;         ;
; weight.v                                   ; yes             ; User Wizard-Generated File             ; D:/Uni/Conv3x3/conv3x3_time_multiplex/weight.v                               ;         ;
; bias.v                                     ; yes             ; User Wizard-Generated File             ; D:/Uni/Conv3x3/conv3x3_time_multiplex/bias.v                                 ;         ;
; altsyncram.tdf                             ; yes             ; Megafunction                           ; c:/intelfpga_lite/20.1/quartus/libraries/megafunctions/altsyncram.tdf        ;         ;
; stratix_ram_block.inc                      ; yes             ; Megafunction                           ; c:/intelfpga_lite/20.1/quartus/libraries/megafunctions/stratix_ram_block.inc ;         ;
; lpm_mux.inc                                ; yes             ; Megafunction                           ; c:/intelfpga_lite/20.1/quartus/libraries/megafunctions/lpm_mux.inc           ;         ;
; lpm_decode.inc                             ; yes             ; Megafunction                           ; c:/intelfpga_lite/20.1/quartus/libraries/megafunctions/lpm_decode.inc        ;         ;
; aglobal201.inc                             ; yes             ; Megafunction                           ; c:/intelfpga_lite/20.1/quartus/libraries/megafunctions/aglobal201.inc        ;         ;
; a_rdenreg.inc                              ; yes             ; Megafunction                           ; c:/intelfpga_lite/20.1/quartus/libraries/megafunctions/a_rdenreg.inc         ;         ;
; altrom.inc                                 ; yes             ; Megafunction                           ; c:/intelfpga_lite/20.1/quartus/libraries/megafunctions/altrom.inc            ;         ;
; altram.inc                                 ; yes             ; Megafunction                           ; c:/intelfpga_lite/20.1/quartus/libraries/megafunctions/altram.inc            ;         ;
; altdpram.inc                               ; yes             ; Megafunction                           ; c:/intelfpga_lite/20.1/quartus/libraries/megafunctions/altdpram.inc          ;         ;
; db/altsyncram_lhr1.tdf                     ; yes             ; Auto-Generated Megafunction            ; D:/Uni/Conv3x3/conv3x3_time_multiplex/db/altsyncram_lhr1.tdf                 ;         ;
; mif_weights/conv2d_6_kernel_0.mif          ; yes             ; Auto-Found Memory Initialization File  ; D:/Uni/Conv3x3/conv3x3_time_multiplex/mif_weights/conv2d_6_kernel_0.mif      ;         ;
; db/altsyncram_q632.tdf                     ; yes             ; Auto-Generated Megafunction            ; D:/Uni/Conv3x3/conv3x3_time_multiplex/db/altsyncram_q632.tdf                 ;         ;
; ./mif_weights/conv2d_6_bias_0.mif          ; yes             ; Auto-Found Memory Initialization File  ; D:/Uni/Conv3x3/conv3x3_time_multiplex/mif_weights/conv2d_6_bias_0.mif        ;         ;
; lpm_divide.tdf                             ; yes             ; Megafunction                           ; c:/intelfpga_lite/20.1/quartus/libraries/megafunctions/lpm_divide.tdf        ;         ;
; abs_divider.inc                            ; yes             ; Megafunction                           ; c:/intelfpga_lite/20.1/quartus/libraries/megafunctions/abs_divider.inc       ;         ;
; sign_div_unsign.inc                        ; yes             ; Megafunction                           ; c:/intelfpga_lite/20.1/quartus/libraries/megafunctions/sign_div_unsign.inc   ;         ;
; db/lpm_divide_m3m.tdf                      ; yes             ; Auto-Generated Megafunction            ; D:/Uni/Conv3x3/conv3x3_time_multiplex/db/lpm_divide_m3m.tdf                  ;         ;
; db/sign_div_unsign_plh.tdf                 ; yes             ; Auto-Generated Megafunction            ; D:/Uni/Conv3x3/conv3x3_time_multiplex/db/sign_div_unsign_plh.tdf             ;         ;
; db/alt_u_div_ove.tdf                       ; yes             ; Auto-Generated Megafunction            ; D:/Uni/Conv3x3/conv3x3_time_multiplex/db/alt_u_div_ove.tdf                   ;         ;
+--------------------------------------------+-----------------+----------------------------------------+------------------------------------------------------------------------------+---------+


+---------------------------------------------------------+
; Analysis & Synthesis Resource Usage Summary             ;
+---------------------------------------------+-----------+
; Resource                                    ; Usage     ;
+---------------------------------------------+-----------+
; Estimate of Logic utilization (ALMs needed) ; 630       ;
;                                             ;           ;
; Combinational ALUT usage for logic          ; 675       ;
;     -- 7 input functions                    ; 3         ;
;     -- 6 input functions                    ; 470       ;
;     -- 5 input functions                    ; 19        ;
;     -- 4 input functions                    ; 49        ;
;     -- <=3 input functions                  ; 134       ;
;                                             ;           ;
; Dedicated logic registers                   ; 729       ;
;                                             ;           ;
; I/O pins                                    ; 20        ;
; Total MLAB memory bits                      ; 0         ;
; Total block memory bits                     ; 4352      ;
;                                             ;           ;
; Total DSP Blocks                            ; 8         ;
;                                             ;           ;
; Maximum fan-out node                        ; clk~input ;
; Maximum fan-out                             ; 745       ;
; Total fan-out                               ; 6486      ;
; Average fan-out                             ; 4.42      ;
+---------------------------------------------+-----------+


+------------------------------------------------------------------------------------------------------------------------------------------------------------------------------------------------------------------------------------------------------------------------------------------------------------------------------------------------+
; Analysis & Synthesis Resource Utilization by Entity                                                                                                                                                                                                                                                                                            ;
+-------------------------------------------+---------------------+---------------------------+-------------------+------------+------+--------------+---------------------------------------------------------------------------------------------------------------------------------------------------+------------------------+--------------+
; Compilation Hierarchy Node                ; Combinational ALUTs ; Dedicated Logic Registers ; Block Memory Bits ; DSP Blocks ; Pins ; Virtual Pins ; Full Hierarchy Name                                                                                                                               ; Entity Name            ; Library Name ;
+-------------------------------------------+---------------------+---------------------------+-------------------+------------+------+--------------+---------------------------------------------------------------------------------------------------------------------------------------------------+------------------------+--------------+
; |conv3x3_time_multiplex                   ; 675 (57)            ; 729 (170)                 ; 4352              ; 8          ; 20   ; 0            ; |conv3x3_time_multiplex                                                                                                                           ; conv3x3_time_multiplex ; work         ;
;    |bias:bias_rom_inst|                   ; 0 (0)               ; 0 (0)                     ; 256               ; 0          ; 0    ; 0            ; |conv3x3_time_multiplex|bias:bias_rom_inst                                                                                                        ; bias                   ; work         ;
;       |altsyncram:altsyncram_component|   ; 0 (0)               ; 0 (0)                     ; 256               ; 0          ; 0    ; 0            ; |conv3x3_time_multiplex|bias:bias_rom_inst|altsyncram:altsyncram_component                                                                        ; altsyncram             ; work         ;
;          |altsyncram_q632:auto_generated| ; 0 (0)               ; 0 (0)                     ; 256               ; 0          ; 0    ; 0            ; |conv3x3_time_multiplex|bias:bias_rom_inst|altsyncram:altsyncram_component|altsyncram_q632:auto_generated                                         ; altsyncram_q632        ; work         ;
;    |conv3x3_core:core|                    ; 10 (10)             ; 17 (17)                   ; 0                 ; 8          ; 0    ; 0            ; |conv3x3_time_multiplex|conv3x3_core:core                                                                                                         ; conv3x3_core           ; work         ;
;    |sliding_window_3x3:slider|            ; 608 (486)           ; 542 (542)                 ; 0                 ; 0          ; 0    ; 0            ; |conv3x3_time_multiplex|sliding_window_3x3:slider                                                                                                 ; sliding_window_3x3     ; work         ;
;       |lpm_divide:Mod0|                   ; 61 (0)              ; 0 (0)                     ; 0                 ; 0          ; 0    ; 0            ; |conv3x3_time_multiplex|sliding_window_3x3:slider|lpm_divide:Mod0                                                                                 ; lpm_divide             ; work         ;
;          |lpm_divide_m3m:auto_generated|  ; 61 (0)              ; 0 (0)                     ; 0                 ; 0          ; 0    ; 0            ; |conv3x3_time_multiplex|sliding_window_3x3:slider|lpm_divide:Mod0|lpm_divide_m3m:auto_generated                                                   ; lpm_divide_m3m         ; work         ;
;             |sign_div_unsign_plh:divider| ; 61 (0)              ; 0 (0)                     ; 0                 ; 0          ; 0    ; 0            ; |conv3x3_time_multiplex|sliding_window_3x3:slider|lpm_divide:Mod0|lpm_divide_m3m:auto_generated|sign_div_unsign_plh:divider                       ; sign_div_unsign_plh    ; work         ;
;                |alt_u_div_ove:divider|    ; 61 (61)             ; 0 (0)                     ; 0                 ; 0          ; 0    ; 0            ; |conv3x3_time_multiplex|sliding_window_3x3:slider|lpm_divide:Mod0|lpm_divide_m3m:auto_generated|sign_div_unsign_plh:divider|alt_u_div_ove:divider ; alt_u_div_ove          ; work         ;
;       |lpm_divide:Mod1|                   ; 61 (0)              ; 0 (0)                     ; 0                 ; 0          ; 0    ; 0            ; |conv3x3_time_multiplex|sliding_window_3x3:slider|lpm_divide:Mod1                                                                                 ; lpm_divide             ; work         ;
;          |lpm_divide_m3m:auto_generated|  ; 61 (0)              ; 0 (0)                     ; 0                 ; 0          ; 0    ; 0            ; |conv3x3_time_multiplex|sliding_window_3x3:slider|lpm_divide:Mod1|lpm_divide_m3m:auto_generated                                                   ; lpm_divide_m3m         ; work         ;
;             |sign_div_unsign_plh:divider| ; 61 (0)              ; 0 (0)                     ; 0                 ; 0          ; 0    ; 0            ; |conv3x3_time_multiplex|sliding_window_3x3:slider|lpm_divide:Mod1|lpm_divide_m3m:auto_generated|sign_div_unsign_plh:divider                       ; sign_div_unsign_plh    ; work         ;
;                |alt_u_div_ove:divider|    ; 61 (61)             ; 0 (0)                     ; 0                 ; 0          ; 0    ; 0            ; |conv3x3_time_multiplex|sliding_window_3x3:slider|lpm_divide:Mod1|lpm_divide_m3m:auto_generated|sign_div_unsign_plh:divider|alt_u_div_ove:divider ; alt_u_div_ove          ; work         ;
;    |weight:weight_rom_inst|               ; 0 (0)               ; 0 (0)                     ; 4096              ; 0          ; 0    ; 0            ; |conv3x3_time_multiplex|weight:weight_rom_inst                                                                                                    ; weight                 ; work         ;
;       |altsyncram:altsyncram_component|   ; 0 (0)               ; 0 (0)                     ; 4096              ; 0          ; 0    ; 0            ; |conv3x3_time_multiplex|weight:weight_rom_inst|altsyncram:altsyncram_component                                                                    ; altsyncram             ; work         ;
;          |altsyncram_lhr1:auto_generated| ; 0 (0)               ; 0 (0)                     ; 4096              ; 0          ; 0    ; 0            ; |conv3x3_time_multiplex|weight:weight_rom_inst|altsyncram:altsyncram_component|altsyncram_lhr1:auto_generated                                     ; altsyncram_lhr1        ; work         ;
+-------------------------------------------+---------------------+---------------------------+-------------------+------------+------+--------------+---------------------------------------------------------------------------------------------------------------------------------------------------+------------------------+--------------+
Note: For table entries with two numbers listed, the numbers in parentheses indicate the number of resources of the given type used by the specific entity alone. The numbers listed outside of parentheses indicate the total resources of the given type used by the specific entity and all of its sub-entities in the hierarchy.


+-------------------------------------------------------------------------------------------------------------------------------------------------------------------------------------------------------------------------------------+
; Analysis & Synthesis RAM Summary                                                                                                                                                                                                    ;
+--------------------------------------------------------------------------------------------------+------+------------------+--------------+--------------+--------------+--------------+------+-------------------------------------+
; Name                                                                                             ; Type ; Mode             ; Port A Depth ; Port A Width ; Port B Depth ; Port B Width ; Size ; MIF                                 ;
+--------------------------------------------------------------------------------------------------+------+------------------+--------------+--------------+--------------+--------------+------+-------------------------------------+
; bias:bias_rom_inst|altsyncram:altsyncram_component|altsyncram_q632:auto_generated|ALTSYNCRAM     ; AUTO ; Simple Dual Port ; 32           ; 8            ; 32           ; 8            ; 256  ; ./mif_weights/conv2d_6_bias_0.mif   ;
; weight:weight_rom_inst|altsyncram:altsyncram_component|altsyncram_lhr1:auto_generated|ALTSYNCRAM ; AUTO ; Single Port      ; 512          ; 8            ; --           ; --           ; 4096 ; ./mif_weights/conv2d_6_kernel_0.mif ;
+--------------------------------------------------------------------------------------------------+------+------------------+--------------+--------------+--------------+--------------+------+-------------------------------------+


+----------------------------------------------+
; Analysis & Synthesis DSP Block Usage Summary ;
+-------------------------------+--------------+
; Statistic                     ; Number Used  ;
+-------------------------------+--------------+
; Independent 18x18 plus 36     ; 7            ;
; Sum of two 18x18              ; 1            ;
; Total number of DSP blocks    ; 8            ;
;                               ;              ;
; Fixed Point Signed Multiplier ; 9            ;
+-------------------------------+--------------+


+----------------------------------------------------------------------------------------------------------------------------------+
; Analysis & Synthesis IP Cores Summary                                                                                            ;
+--------+--------------+---------+--------------+--------------+------------------------------------------------+-----------------+
; Vendor ; IP Core Name ; Version ; Release Date ; License Type ; Entity Instance                                ; IP Include File ;
+--------+--------------+---------+--------------+--------------+------------------------------------------------+-----------------+
; Altera ; RAM: 2-PORT  ; 20.1    ; N/A          ; N/A          ; |conv3x3_time_multiplex|bias:bias_rom_inst     ; bias.v          ;
; Altera ; RAM: 1-PORT  ; 20.1    ; N/A          ; N/A          ; |conv3x3_time_multiplex|weight:weight_rom_inst ; weight.v        ;
+--------+--------------+---------+--------------+--------------+------------------------------------------------+-----------------+


+------------------------------------------------------+
; General Register Statistics                          ;
+----------------------------------------------+-------+
; Statistic                                    ; Value ;
+----------------------------------------------+-------+
; Total registers                              ; 729   ;
; Number of registers using Synchronous Clear  ; 489   ;
; Number of registers using Synchronous Load   ; 0     ;
; Number of registers using Asynchronous Clear ; 26    ;
; Number of registers using Asynchronous Load  ; 0     ;
; Number of registers using Clock Enable       ; 719   ;
; Number of registers using Preset             ; 0     ;
+----------------------------------------------+-------+


+--------------------------------------------------------------------------------------------------------------------------------------------------------------------------------+
; Multiplexer Restructuring Statistics (Restructuring Performed)                                                                                                                 ;
+--------------------+-----------+---------------+----------------------+------------------------+------------+------------------------------------------------------------------+
; Multiplexer Inputs ; Bus Width ; Baseline Area ; Area if Restructured ; Saving if Restructured ; Registered ; Example Multiplexer Output                                       ;
+--------------------+-----------+---------------+----------------------+------------------------+------------+------------------------------------------------------------------+
; 3:1                ; 16 bits   ; 32 LEs        ; 0 LEs                ; 32 LEs                 ; Yes        ; |conv3x3_time_multiplex|conv3x3_core:core|pixel_out[0]           ;
; 3:1                ; 16 bits   ; 32 LEs        ; 0 LEs                ; 32 LEs                 ; Yes        ; |conv3x3_time_multiplex|sliding_window_3x3:slider|sr0[4]         ;
; 3:1                ; 5 bits    ; 10 LEs        ; 5 LEs                ; 5 LEs                  ; Yes        ; |conv3x3_time_multiplex|filter_cnt[3]                            ;
; 3:1                ; 5 bits    ; 10 LEs        ; 5 LEs                ; 5 LEs                  ; Yes        ; |conv3x3_time_multiplex|baddr[1]                                 ;
; 3:1                ; 16 bits   ; 32 LEs        ; 0 LEs                ; 32 LEs                 ; Yes        ; |conv3x3_time_multiplex|sliding_window_3x3:slider|rowbuf2[0][5]  ;
; 3:1                ; 16 bits   ; 32 LEs        ; 0 LEs                ; 32 LEs                 ; Yes        ; |conv3x3_time_multiplex|sliding_window_3x3:slider|rowbuf1[1][5]  ;
; 3:1                ; 16 bits   ; 32 LEs        ; 0 LEs                ; 32 LEs                 ; Yes        ; |conv3x3_time_multiplex|sliding_window_3x3:slider|rowbuf1[2][5]  ;
; 3:1                ; 16 bits   ; 32 LEs        ; 0 LEs                ; 32 LEs                 ; Yes        ; |conv3x3_time_multiplex|sliding_window_3x3:slider|rowbuf1[3][5]  ;
; 3:1                ; 16 bits   ; 32 LEs        ; 0 LEs                ; 32 LEs                 ; Yes        ; |conv3x3_time_multiplex|sliding_window_3x3:slider|rowbuf2[4][2]  ;
; 3:1                ; 16 bits   ; 32 LEs        ; 0 LEs                ; 32 LEs                 ; Yes        ; |conv3x3_time_multiplex|sliding_window_3x3:slider|rowbuf1[5][2]  ;
; 3:1                ; 16 bits   ; 32 LEs        ; 0 LEs                ; 32 LEs                 ; Yes        ; |conv3x3_time_multiplex|sliding_window_3x3:slider|rowbuf1[6][3]  ;
; 3:1                ; 16 bits   ; 32 LEs        ; 0 LEs                ; 32 LEs                 ; Yes        ; |conv3x3_time_multiplex|sliding_window_3x3:slider|rowbuf2[7][0]  ;
; 3:1                ; 16 bits   ; 32 LEs        ; 0 LEs                ; 32 LEs                 ; Yes        ; |conv3x3_time_multiplex|sliding_window_3x3:slider|rowbuf1[8][0]  ;
; 3:1                ; 16 bits   ; 32 LEs        ; 0 LEs                ; 32 LEs                 ; Yes        ; |conv3x3_time_multiplex|sliding_window_3x3:slider|rowbuf2[9][3]  ;
; 3:1                ; 16 bits   ; 32 LEs        ; 0 LEs                ; 32 LEs                 ; Yes        ; |conv3x3_time_multiplex|sliding_window_3x3:slider|rowbuf1[10][6] ;
; 3:1                ; 16 bits   ; 32 LEs        ; 0 LEs                ; 32 LEs                 ; Yes        ; |conv3x3_time_multiplex|sliding_window_3x3:slider|rowbuf1[11][4] ;
; 3:1                ; 16 bits   ; 32 LEs        ; 0 LEs                ; 32 LEs                 ; Yes        ; |conv3x3_time_multiplex|sliding_window_3x3:slider|rowbuf1[12][7] ;
; 3:1                ; 16 bits   ; 32 LEs        ; 0 LEs                ; 32 LEs                 ; Yes        ; |conv3x3_time_multiplex|sliding_window_3x3:slider|rowbuf2[13][4] ;
; 3:1                ; 16 bits   ; 32 LEs        ; 0 LEs                ; 32 LEs                 ; Yes        ; |conv3x3_time_multiplex|sliding_window_3x3:slider|rowbuf1[14][2] ;
; 3:1                ; 16 bits   ; 32 LEs        ; 0 LEs                ; 32 LEs                 ; Yes        ; |conv3x3_time_multiplex|sliding_window_3x3:slider|rowbuf1[15][4] ;
; 3:1                ; 16 bits   ; 32 LEs        ; 0 LEs                ; 32 LEs                 ; Yes        ; |conv3x3_time_multiplex|sliding_window_3x3:slider|rowbuf2[16][2] ;
; 3:1                ; 16 bits   ; 32 LEs        ; 0 LEs                ; 32 LEs                 ; Yes        ; |conv3x3_time_multiplex|sliding_window_3x3:slider|rowbuf1[17][4] ;
; 3:1                ; 16 bits   ; 32 LEs        ; 0 LEs                ; 32 LEs                 ; Yes        ; |conv3x3_time_multiplex|sliding_window_3x3:slider|rowbuf1[18][4] ;
; 3:1                ; 16 bits   ; 32 LEs        ; 0 LEs                ; 32 LEs                 ; Yes        ; |conv3x3_time_multiplex|sliding_window_3x3:slider|rowbuf1[19][4] ;
; 3:1                ; 16 bits   ; 32 LEs        ; 0 LEs                ; 32 LEs                 ; Yes        ; |conv3x3_time_multiplex|sliding_window_3x3:slider|rowbuf2[20][5] ;
; 3:1                ; 16 bits   ; 32 LEs        ; 0 LEs                ; 32 LEs                 ; Yes        ; |conv3x3_time_multiplex|sliding_window_3x3:slider|rowbuf2[21][4] ;
; 3:1                ; 16 bits   ; 32 LEs        ; 0 LEs                ; 32 LEs                 ; Yes        ; |conv3x3_time_multiplex|sliding_window_3x3:slider|rowbuf1[22][4] ;
; 3:1                ; 16 bits   ; 32 LEs        ; 0 LEs                ; 32 LEs                 ; Yes        ; |conv3x3_time_multiplex|sliding_window_3x3:slider|rowbuf1[23][2] ;
; 3:1                ; 16 bits   ; 32 LEs        ; 0 LEs                ; 32 LEs                 ; Yes        ; |conv3x3_time_multiplex|sliding_window_3x3:slider|rowbuf2[24][3] ;
; 3:1                ; 16 bits   ; 32 LEs        ; 0 LEs                ; 32 LEs                 ; Yes        ; |conv3x3_time_multiplex|sliding_window_3x3:slider|rowbuf1[25][0] ;
; 3:1                ; 16 bits   ; 32 LEs        ; 0 LEs                ; 32 LEs                 ; Yes        ; |conv3x3_time_multiplex|sliding_window_3x3:slider|rowbuf1[26][6] ;
; 3:1                ; 16 bits   ; 32 LEs        ; 0 LEs                ; 32 LEs                 ; Yes        ; |conv3x3_time_multiplex|sliding_window_3x3:slider|rowbuf2[27][0] ;
; 4:1                ; 9 bits    ; 18 LEs        ; 9 LEs                ; 9 LEs                  ; Yes        ; |conv3x3_time_multiplex|weight_addr[5]                           ;
; 4:1                ; 5 bits    ; 10 LEs        ; 10 LEs               ; 0 LEs                  ; Yes        ; |conv3x3_time_multiplex|sliding_window_3x3:slider|col_cnt[0]     ;
; 4:1                ; 4 bits    ; 8 LEs         ; 8 LEs                ; 0 LEs                  ; Yes        ; |conv3x3_time_multiplex|weight_idx[0]                            ;
; 28:1               ; 8 bits    ; 144 LEs       ; 144 LEs              ; 0 LEs                  ; Yes        ; |conv3x3_time_multiplex|sliding_window_3x3:slider|w02[7]         ;
; 28:1               ; 16 bits   ; 288 LEs       ; 288 LEs              ; 0 LEs                  ; Yes        ; |conv3x3_time_multiplex|sliding_window_3x3:slider|w11[6]         ;
; 28:1               ; 16 bits   ; 288 LEs       ; 288 LEs              ; 0 LEs                  ; Yes        ; |conv3x3_time_multiplex|sliding_window_3x3:slider|w10[7]         ;
; 28:1               ; 8 bits    ; 144 LEs       ; 144 LEs              ; 0 LEs                  ; No         ; |conv3x3_time_multiplex|sliding_window_3x3:slider|Mux47          ;
+--------------------+-----------+---------------+----------------------+------------------------+------------+------------------------------------------------------------------+


+--------------------------------------------------------------------------------------------------------------+
; Source assignments for weight:weight_rom_inst|altsyncram:altsyncram_component|altsyncram_lhr1:auto_generated ;
+---------------------------------+--------------------+------+------------------------------------------------+
; Assignment                      ; Value              ; From ; To                                             ;
+---------------------------------+--------------------+------+------------------------------------------------+
; OPTIMIZE_POWER_DURING_SYNTHESIS ; NORMAL_COMPILATION ; -    ; -                                              ;
+---------------------------------+--------------------+------+------------------------------------------------+


+----------------------------------------------------------------------------------------------------------+
; Source assignments for bias:bias_rom_inst|altsyncram:altsyncram_component|altsyncram_q632:auto_generated ;
+---------------------------------+--------------------+------+--------------------------------------------+
; Assignment                      ; Value              ; From ; To                                         ;
+---------------------------------+--------------------+------+--------------------------------------------+
; OPTIMIZE_POWER_DURING_SYNTHESIS ; NORMAL_COMPILATION ; -    ; -                                          ;
+---------------------------------+--------------------+------+--------------------------------------------+


+----------------------------------------------------------------------------------------+
; Parameter Settings for User Entity Instance: Top-level Entity: |conv3x3_time_multiplex ;
+-------------------+-------+------------------------------------------------------------+
; Parameter Name    ; Value ; Type                                                       ;
+-------------------+-------+------------------------------------------------------------+
; DATA_WIDTH        ; 8     ; Signed Integer                                             ;
; ACC_WIDTH         ; 24    ; Signed Integer                                             ;
; QUANT             ; 0     ; Signed Integer                                             ;
; IMG_WIDTH         ; 28    ; Signed Integer                                             ;
; NUM_FILTERS       ; 32    ; Signed Integer                                             ;
; FILTER_ADDR_WIDTH ; 5     ; Signed Integer                                             ;
+-------------------+-------+------------------------------------------------------------+
Note: In order to hide this table in the UI and the text report file, please set the "Show Parameter Settings in Synthesis Report" option in "Analysis and Synthesis Settings -> More Settings" to "Off".


+------------------------------------------------------------------------+
; Parameter Settings for User Entity Instance: sliding_window_3x3:slider ;
+----------------+-------+-----------------------------------------------+
; Parameter Name ; Value ; Type                                          ;
+----------------+-------+-----------------------------------------------+
; DATA_WIDTH     ; 8     ; Signed Integer                                ;
; IMG_WIDTH      ; 28    ; Signed Integer                                ;
; ADDR_WIDTH     ; 5     ; Signed Integer                                ;
+----------------+-------+-----------------------------------------------+
Note: In order to hide this table in the UI and the text report file, please set the "Show Parameter Settings in Synthesis Report" option in "Analysis and Synthesis Settings -> More Settings" to "Off".


+-----------------------------------------------------------------------------------------------------+
; Parameter Settings for User Entity Instance: weight:weight_rom_inst|altsyncram:altsyncram_component ;
+------------------------------------+-------------------------------------+--------------------------+
; Parameter Name                     ; Value                               ; Type                     ;
+------------------------------------+-------------------------------------+--------------------------+
; BYTE_SIZE_BLOCK                    ; 8                                   ; Untyped                  ;
; AUTO_CARRY_CHAINS                  ; ON                                  ; AUTO_CARRY               ;
; IGNORE_CARRY_BUFFERS               ; OFF                                 ; IGNORE_CARRY             ;
; AUTO_CASCADE_CHAINS                ; ON                                  ; AUTO_CASCADE             ;
; IGNORE_CASCADE_BUFFERS             ; OFF                                 ; IGNORE_CASCADE           ;
; WIDTH_BYTEENA                      ; 1                                   ; Untyped                  ;
; OPERATION_MODE                     ; SINGLE_PORT                         ; Untyped                  ;
; WIDTH_A                            ; 8                                   ; Signed Integer           ;
; WIDTHAD_A                          ; 9                                   ; Signed Integer           ;
; NUMWORDS_A                         ; 512                                 ; Signed Integer           ;
; OUTDATA_REG_A                      ; CLOCK0                              ; Untyped                  ;
; ADDRESS_ACLR_A                     ; NONE                                ; Untyped                  ;
; OUTDATA_ACLR_A                     ; NONE                                ; Untyped                  ;
; WRCONTROL_ACLR_A                   ; NONE                                ; Untyped                  ;
; INDATA_ACLR_A                      ; NONE                                ; Untyped                  ;
; BYTEENA_ACLR_A                     ; NONE                                ; Untyped                  ;
; WIDTH_B                            ; 1                                   ; Untyped                  ;
; WIDTHAD_B                          ; 1                                   ; Untyped                  ;
; NUMWORDS_B                         ; 1                                   ; Untyped                  ;
; INDATA_REG_B                       ; CLOCK1                              ; Untyped                  ;
; WRCONTROL_WRADDRESS_REG_B          ; CLOCK1                              ; Untyped                  ;
; RDCONTROL_REG_B                    ; CLOCK1                              ; Untyped                  ;
; ADDRESS_REG_B                      ; CLOCK1                              ; Untyped                  ;
; OUTDATA_REG_B                      ; UNREGISTERED                        ; Untyped                  ;
; BYTEENA_REG_B                      ; CLOCK1                              ; Untyped                  ;
; INDATA_ACLR_B                      ; NONE                                ; Untyped                  ;
; WRCONTROL_ACLR_B                   ; NONE                                ; Untyped                  ;
; ADDRESS_ACLR_B                     ; NONE                                ; Untyped                  ;
; OUTDATA_ACLR_B                     ; NONE                                ; Untyped                  ;
; RDCONTROL_ACLR_B                   ; NONE                                ; Untyped                  ;
; BYTEENA_ACLR_B                     ; NONE                                ; Untyped                  ;
; WIDTH_BYTEENA_A                    ; 1                                   ; Signed Integer           ;
; WIDTH_BYTEENA_B                    ; 1                                   ; Untyped                  ;
; RAM_BLOCK_TYPE                     ; AUTO                                ; Untyped                  ;
; BYTE_SIZE                          ; 8                                   ; Untyped                  ;
; READ_DURING_WRITE_MODE_MIXED_PORTS ; DONT_CARE                           ; Untyped                  ;
; READ_DURING_WRITE_MODE_PORT_A      ; NEW_DATA_NO_NBE_READ                ; Untyped                  ;
; READ_DURING_WRITE_MODE_PORT_B      ; NEW_DATA_NO_NBE_READ                ; Untyped                  ;
; INIT_FILE                          ; ./mif_weights/conv2d_6_kernel_0.mif ; Untyped                  ;
; INIT_FILE_LAYOUT                   ; PORT_A                              ; Untyped                  ;
; MAXIMUM_DEPTH                      ; 512                                 ; Signed Integer           ;
; CLOCK_ENABLE_INPUT_A               ; BYPASS                              ; Untyped                  ;
; CLOCK_ENABLE_INPUT_B               ; NORMAL                              ; Untyped                  ;
; CLOCK_ENABLE_OUTPUT_A              ; BYPASS                              ; Untyped                  ;
; CLOCK_ENABLE_OUTPUT_B              ; NORMAL                              ; Untyped                  ;
; CLOCK_ENABLE_CORE_A                ; USE_INPUT_CLKEN                     ; Untyped                  ;
; CLOCK_ENABLE_CORE_B                ; USE_INPUT_CLKEN                     ; Untyped                  ;
; ENABLE_ECC                         ; FALSE                               ; Untyped                  ;
; ECC_PIPELINE_STAGE_ENABLED         ; FALSE                               ; Untyped                  ;
; WIDTH_ECCSTATUS                    ; 3                                   ; Untyped                  ;
; DEVICE_FAMILY                      ; Cyclone V                           ; Untyped                  ;
; CBXI_PARAMETER                     ; altsyncram_lhr1                     ; Untyped                  ;
+------------------------------------+-------------------------------------+--------------------------+
Note: In order to hide this table in the UI and the text report file, please set the "Show Parameter Settings in Synthesis Report" option in "Analysis and Synthesis Settings -> More Settings" to "Off".


+-------------------------------------------------------------------------------------------------+
; Parameter Settings for User Entity Instance: bias:bias_rom_inst|altsyncram:altsyncram_component ;
+------------------------------------+-----------------------------------+------------------------+
; Parameter Name                     ; Value                             ; Type                   ;
+------------------------------------+-----------------------------------+------------------------+
; BYTE_SIZE_BLOCK                    ; 8                                 ; Untyped                ;
; AUTO_CARRY_CHAINS                  ; ON                                ; AUTO_CARRY             ;
; IGNORE_CARRY_BUFFERS               ; OFF                               ; IGNORE_CARRY           ;
; AUTO_CASCADE_CHAINS                ; ON                                ; AUTO_CASCADE           ;
; IGNORE_CASCADE_BUFFERS             ; OFF                               ; IGNORE_CASCADE         ;
; WIDTH_BYTEENA                      ; 1                                 ; Untyped                ;
; OPERATION_MODE                     ; DUAL_PORT                         ; Untyped                ;
; WIDTH_A                            ; 8                                 ; Signed Integer         ;
; WIDTHAD_A                          ; 5                                 ; Signed Integer         ;
; NUMWORDS_A                         ; 32                                ; Signed Integer         ;
; OUTDATA_REG_A                      ; UNREGISTERED                      ; Untyped                ;
; ADDRESS_ACLR_A                     ; NONE                              ; Untyped                ;
; OUTDATA_ACLR_A                     ; NONE                              ; Untyped                ;
; WRCONTROL_ACLR_A                   ; NONE                              ; Untyped                ;
; INDATA_ACLR_A                      ; NONE                              ; Untyped                ;
; BYTEENA_ACLR_A                     ; NONE                              ; Untyped                ;
; WIDTH_B                            ; 8                                 ; Signed Integer         ;
; WIDTHAD_B                          ; 5                                 ; Signed Integer         ;
; NUMWORDS_B                         ; 32                                ; Signed Integer         ;
; INDATA_REG_B                       ; CLOCK1                            ; Untyped                ;
; WRCONTROL_WRADDRESS_REG_B          ; CLOCK1                            ; Untyped                ;
; RDCONTROL_REG_B                    ; CLOCK1                            ; Untyped                ;
; ADDRESS_REG_B                      ; CLOCK0                            ; Untyped                ;
; OUTDATA_REG_B                      ; CLOCK0                            ; Untyped                ;
; BYTEENA_REG_B                      ; CLOCK1                            ; Untyped                ;
; INDATA_ACLR_B                      ; NONE                              ; Untyped                ;
; WRCONTROL_ACLR_B                   ; NONE                              ; Untyped                ;
; ADDRESS_ACLR_B                     ; NONE                              ; Untyped                ;
; OUTDATA_ACLR_B                     ; NONE                              ; Untyped                ;
; RDCONTROL_ACLR_B                   ; NONE                              ; Untyped                ;
; BYTEENA_ACLR_B                     ; NONE                              ; Untyped                ;
; WIDTH_BYTEENA_A                    ; 1                                 ; Signed Integer         ;
; WIDTH_BYTEENA_B                    ; 1                                 ; Untyped                ;
; RAM_BLOCK_TYPE                     ; AUTO                              ; Untyped                ;
; BYTE_SIZE                          ; 8                                 ; Untyped                ;
; READ_DURING_WRITE_MODE_MIXED_PORTS ; DONT_CARE                         ; Untyped                ;
; READ_DURING_WRITE_MODE_PORT_A      ; NEW_DATA_NO_NBE_READ              ; Untyped                ;
; READ_DURING_WRITE_MODE_PORT_B      ; NEW_DATA_NO_NBE_READ              ; Untyped                ;
; INIT_FILE                          ; ./mif_weights/conv2d_6_bias_0.mif ; Untyped                ;
; INIT_FILE_LAYOUT                   ; PORT_A                            ; Untyped                ;
; MAXIMUM_DEPTH                      ; 32                                ; Signed Integer         ;
; CLOCK_ENABLE_INPUT_A               ; BYPASS                            ; Untyped                ;
; CLOCK_ENABLE_INPUT_B               ; BYPASS                            ; Untyped                ;
; CLOCK_ENABLE_OUTPUT_A              ; NORMAL                            ; Untyped                ;
; CLOCK_ENABLE_OUTPUT_B              ; BYPASS                            ; Untyped                ;
; CLOCK_ENABLE_CORE_A                ; USE_INPUT_CLKEN                   ; Untyped                ;
; CLOCK_ENABLE_CORE_B                ; USE_INPUT_CLKEN                   ; Untyped                ;
; ENABLE_ECC                         ; FALSE                             ; Untyped                ;
; ECC_PIPELINE_STAGE_ENABLED         ; FALSE                             ; Untyped                ;
; WIDTH_ECCSTATUS                    ; 3                                 ; Untyped                ;
; DEVICE_FAMILY                      ; Cyclone V                         ; Untyped                ;
; CBXI_PARAMETER                     ; altsyncram_q632                   ; Untyped                ;
+------------------------------------+-----------------------------------+------------------------+
Note: In order to hide this table in the UI and the text report file, please set the "Show Parameter Settings in Synthesis Report" option in "Analysis and Synthesis Settings -> More Settings" to "Off".


+----------------------------------------------------------------+
; Parameter Settings for User Entity Instance: conv3x3_core:core ;
+----------------+-------+---------------------------------------+
; Parameter Name ; Value ; Type                                  ;
+----------------+-------+---------------------------------------+
; DATA_WIDTH     ; 8     ; Signed Integer                        ;
; ACC_WIDTH      ; 24    ; Signed Integer                        ;
; QUANT          ; 0     ; Signed Integer                        ;
+----------------+-------+---------------------------------------+
Note: In order to hide this table in the UI and the text report file, please set the "Show Parameter Settings in Synthesis Report" option in "Analysis and Synthesis Settings -> More Settings" to "Off".


+--------------------------------------------------------------------------------------------+
; Parameter Settings for Inferred Entity Instance: sliding_window_3x3:slider|lpm_divide:Mod0 ;
+------------------------+----------------+--------------------------------------------------+
; Parameter Name         ; Value          ; Type                                             ;
+------------------------+----------------+--------------------------------------------------+
; LPM_WIDTHN             ; 32             ; Untyped                                          ;
; LPM_WIDTHD             ; 5              ; Untyped                                          ;
; LPM_NREPRESENTATION    ; UNSIGNED       ; Untyped                                          ;
; LPM_DREPRESENTATION    ; UNSIGNED       ; Untyped                                          ;
; LPM_PIPELINE           ; 0              ; Untyped                                          ;
; LPM_REMAINDERPOSITIVE  ; TRUE           ; Untyped                                          ;
; MAXIMIZE_SPEED         ; 5              ; Untyped                                          ;
; CBXI_PARAMETER         ; lpm_divide_m3m ; Untyped                                          ;
; CARRY_CHAIN            ; MANUAL         ; Untyped                                          ;
; OPTIMIZE_FOR_SPEED     ; 5              ; Untyped                                          ;
; AUTO_CARRY_CHAINS      ; ON             ; AUTO_CARRY                                       ;
; IGNORE_CARRY_BUFFERS   ; OFF            ; IGNORE_CARRY                                     ;
; AUTO_CASCADE_CHAINS    ; ON             ; AUTO_CASCADE                                     ;
; IGNORE_CASCADE_BUFFERS ; OFF            ; IGNORE_CASCADE                                   ;
+------------------------+----------------+--------------------------------------------------+
Note: In order to hide this table in the UI and the text report file, please set the "Show Parameter Settings in Synthesis Report" option in "Analysis and Synthesis Settings -> More Settings" to "Off".


+--------------------------------------------------------------------------------------------+
; Parameter Settings for Inferred Entity Instance: sliding_window_3x3:slider|lpm_divide:Mod1 ;
+------------------------+----------------+--------------------------------------------------+
; Parameter Name         ; Value          ; Type                                             ;
+------------------------+----------------+--------------------------------------------------+
; LPM_WIDTHN             ; 32             ; Untyped                                          ;
; LPM_WIDTHD             ; 5              ; Untyped                                          ;
; LPM_NREPRESENTATION    ; UNSIGNED       ; Untyped                                          ;
; LPM_DREPRESENTATION    ; UNSIGNED       ; Untyped                                          ;
; LPM_PIPELINE           ; 0              ; Untyped                                          ;
; LPM_REMAINDERPOSITIVE  ; TRUE           ; Untyped                                          ;
; MAXIMIZE_SPEED         ; 5              ; Untyped                                          ;
; CBXI_PARAMETER         ; lpm_divide_m3m ; Untyped                                          ;
; CARRY_CHAIN            ; MANUAL         ; Untyped                                          ;
; OPTIMIZE_FOR_SPEED     ; 5              ; Untyped                                          ;
; AUTO_CARRY_CHAINS      ; ON             ; AUTO_CARRY                                       ;
; IGNORE_CARRY_BUFFERS   ; OFF            ; IGNORE_CARRY                                     ;
; AUTO_CASCADE_CHAINS    ; ON             ; AUTO_CASCADE                                     ;
; IGNORE_CASCADE_BUFFERS ; OFF            ; IGNORE_CASCADE                                   ;
+------------------------+----------------+--------------------------------------------------+
Note: In order to hide this table in the UI and the text report file, please set the "Show Parameter Settings in Synthesis Report" option in "Analysis and Synthesis Settings -> More Settings" to "Off".


+----------------------------------------------------------------------------------------------------+
; altsyncram Parameter Settings by Entity Instance                                                   ;
+-------------------------------------------+--------------------------------------------------------+
; Name                                      ; Value                                                  ;
+-------------------------------------------+--------------------------------------------------------+
; Number of entity instances                ; 2                                                      ;
; Entity Instance                           ; weight:weight_rom_inst|altsyncram:altsyncram_component ;
;     -- OPERATION_MODE                     ; SINGLE_PORT                                            ;
;     -- WIDTH_A                            ; 8                                                      ;
;     -- NUMWORDS_A                         ; 512                                                    ;
;     -- OUTDATA_REG_A                      ; CLOCK0                                                 ;
;     -- WIDTH_B                            ; 1                                                      ;
;     -- NUMWORDS_B                         ; 1                                                      ;
;     -- ADDRESS_REG_B                      ; CLOCK1                                                 ;
;     -- OUTDATA_REG_B                      ; UNREGISTERED                                           ;
;     -- RAM_BLOCK_TYPE                     ; AUTO                                                   ;
;     -- READ_DURING_WRITE_MODE_MIXED_PORTS ; DONT_CARE                                              ;
; Entity Instance                           ; bias:bias_rom_inst|altsyncram:altsyncram_component     ;
;     -- OPERATION_MODE                     ; DUAL_PORT                                              ;
;     -- WIDTH_A                            ; 8                                                      ;
;     -- NUMWORDS_A                         ; 32                                                     ;
;     -- OUTDATA_REG_A                      ; UNREGISTERED                                           ;
;     -- WIDTH_B                            ; 8                                                      ;
;     -- NUMWORDS_B                         ; 32                                                     ;
;     -- ADDRESS_REG_B                      ; CLOCK0                                                 ;
;     -- OUTDATA_REG_B                      ; CLOCK0                                                 ;
;     -- RAM_BLOCK_TYPE                     ; AUTO                                                   ;
;     -- READ_DURING_WRITE_MODE_MIXED_PORTS ; DONT_CARE                                              ;
+-------------------------------------------+--------------------------------------------------------+


+------------------------------------------------+
; Port Connectivity Checks: "bias:bias_rom_inst" ;
+-----------+-------+----------+-----------------+
; Port      ; Type  ; Severity ; Details         ;
+-----------+-------+----------+-----------------+
; data      ; Input ; Info     ; Stuck at GND    ;
; wraddress ; Input ; Info     ; Stuck at GND    ;
; wren      ; Input ; Info     ; Stuck at GND    ;
+-----------+-------+----------+-----------------+


+----------------------------------------------------+
; Port Connectivity Checks: "weight:weight_rom_inst" ;
+------+-------+----------+--------------------------+
; Port ; Type  ; Severity ; Details                  ;
+------+-------+----------+--------------------------+
; data ; Input ; Info     ; Stuck at GND             ;
; wren ; Input ; Info     ; Stuck at GND             ;
+------+-------+----------+--------------------------+


+-----------------------------------------------------+
; Post-Synthesis Netlist Statistics for Top Partition ;
+-----------------------+-----------------------------+
; Type                  ; Count                       ;
+-----------------------+-----------------------------+
; arriav_ff             ; 729                         ;
;     CLR               ; 8                           ;
;     ENA               ; 221                         ;
;     ENA CLR           ; 9                           ;
;     ENA CLR SCLR      ; 9                           ;
;     ENA SCLR          ; 480                         ;
;     plain             ; 2                           ;
; arriav_lcell_comb     ; 675                         ;
;     arith             ; 95                          ;
;         0 data inputs ; 26                          ;
;         1 data inputs ; 5                           ;
;         2 data inputs ; 19                          ;
;         3 data inputs ; 21                          ;
;         4 data inputs ; 23                          ;
;         5 data inputs ; 1                           ;
;     extend            ; 3                           ;
;         7 data inputs ; 3                           ;
;     normal            ; 577                         ;
;         0 data inputs ; 1                           ;
;         2 data inputs ; 37                          ;
;         3 data inputs ; 25                          ;
;         4 data inputs ; 26                          ;
;         5 data inputs ; 18                          ;
;         6 data inputs ; 470                         ;
; arriav_mac            ; 8                           ;
; boundary_port         ; 20                          ;
; stratixv_ram_block    ; 16                          ;
;                       ;                             ;
; Max LUT depth         ; 13.50                       ;
; Average LUT depth     ; 4.78                        ;
+-----------------------+-----------------------------+


+-------------------------------+
; Elapsed Time Per Partition    ;
+----------------+--------------+
; Partition Name ; Elapsed Time ;
+----------------+--------------+
; Top            ; 00:00:01     ;
+----------------+--------------+


+-------------------------------+
; Analysis & Synthesis Messages ;
+-------------------------------+
Info: *******************************************************************
Info: Running Quartus Prime Analysis & Synthesis
    Info: Version 20.1.0 Build 711 06/05/2020 SJ Lite Edition
    Info: Processing started: Mon Jun 09 01:20:13 2025
Info: Command: quartus_map --read_settings_files=on --write_settings_files=off conv3x3_time_multiplex -c conv3x3_time_multiplex
Warning (18236): Number of processors has not been specified which may cause overloading on shared machines.  Set the global assignment NUM_PARALLEL_PROCESSORS in your QSF to an appropriate value for best performance.
Info (20030): Parallel compilation is enabled and will use 4 of the 4 processors detected
Info (12021): Found 1 design units, including 1 entities, in source file /uni/conv3x3/sliding_window_3x3/sliding_window_3x3.v
    Info (12023): Found entity 1: sliding_window_3x3 File: D:/Uni/Conv3x3/sliding_window_3x3/sliding_window_3x3.v Line: 1
Info (12021): Found 1 design units, including 1 entities, in source file /uni/conv3x3/conv3x3_core/conv3x3_core.v
    Info (12023): Found entity 1: conv3x3_core File: D:/Uni/Conv3x3/conv3x3_core/conv3x3_core.v Line: 1
Info (12021): Found 1 design units, including 1 entities, in source file conv3x3_time_multiplex.v
    Info (12023): Found entity 1: conv3x3_time_multiplex File: D:/Uni/Conv3x3/conv3x3_time_multiplex/conv3x3_time_multiplex.v Line: 3
Info (12021): Found 1 design units, including 1 entities, in source file weight.v
    Info (12023): Found entity 1: weight File: D:/Uni/Conv3x3/conv3x3_time_multiplex/weight.v Line: 40
Info (12021): Found 1 design units, including 1 entities, in source file bias.v
    Info (12023): Found entity 1: bias File: D:/Uni/Conv3x3/conv3x3_time_multiplex/bias.v Line: 40
Info (12021): Found 1 design units, including 1 entities, in source file tb_conv3x3_time_roms.v
    Info (12023): Found entity 1: tb_weight_bias_roms File: D:/Uni/Conv3x3/conv3x3_time_multiplex/tb_conv3x3_time_roms.v Line: 3
Info (12127): Elaborating entity "conv3x3_time_multiplex" for the top level hierarchy
Warning (10230): Verilog HDL assignment warning at conv3x3_time_multiplex.v(90): truncated value with size 32 to match size of target (4) File: D:/Uni/Conv3x3/conv3x3_time_multiplex/conv3x3_time_multiplex.v Line: 90
Warning (10230): Verilog HDL assignment warning at conv3x3_time_multiplex.v(91): truncated value with size 32 to match size of target (9) File: D:/Uni/Conv3x3/conv3x3_time_multiplex/conv3x3_time_multiplex.v Line: 91
Warning (10230): Verilog HDL assignment warning at conv3x3_time_multiplex.v(102): truncated value with size 32 to match size of target (5) File: D:/Uni/Conv3x3/conv3x3_time_multiplex/conv3x3_time_multiplex.v Line: 102
Warning (10230): Verilog HDL assignment warning at conv3x3_time_multiplex.v(103): truncated value with size 32 to match size of target (9) File: D:/Uni/Conv3x3/conv3x3_time_multiplex/conv3x3_time_multiplex.v Line: 103
Info (12128): Elaborating entity "sliding_window_3x3" for hierarchy "sliding_window_3x3:slider" File: D:/Uni/Conv3x3/conv3x3_time_multiplex/conv3x3_time_multiplex.v Line: 40
Warning (10230): Verilog HDL assignment warning at sliding_window_3x3.v(28): truncated value with size 32 to match size of target (5) File: D:/Uni/Conv3x3/sliding_window_3x3/sliding_window_3x3.v Line: 28
Warning (10230): Verilog HDL assignment warning at sliding_window_3x3.v(29): truncated value with size 32 to match size of target (5) File: D:/Uni/Conv3x3/sliding_window_3x3/sliding_window_3x3.v Line: 29
Warning (10230): Verilog HDL assignment warning at sliding_window_3x3.v(55): truncated value with size 32 to match size of target (5) File: D:/Uni/Conv3x3/sliding_window_3x3/sliding_window_3x3.v Line: 55
Info (12128): Elaborating entity "weight" for hierarchy "weight:weight_rom_inst" File: D:/Uni/Conv3x3/conv3x3_time_multiplex/conv3x3_time_multiplex.v Line: 120
Info (12128): Elaborating entity "altsyncram" for hierarchy "weight:weight_rom_inst|altsyncram:altsyncram_component" File: D:/Uni/Conv3x3/conv3x3_time_multiplex/weight.v Line: 86
Info (12130): Elaborated megafunction instantiation "weight:weight_rom_inst|altsyncram:altsyncram_component" File: D:/Uni/Conv3x3/conv3x3_time_multiplex/weight.v Line: 86
Info (12133): Instantiated megafunction "weight:weight_rom_inst|altsyncram:altsyncram_component" with the following parameter: File: D:/Uni/Conv3x3/conv3x3_time_multiplex/weight.v Line: 86
    Info (12134): Parameter "clock_enable_input_a" = "BYPASS"
    Info (12134): Parameter "clock_enable_output_a" = "BYPASS"
    Info (12134): Parameter "init_file" = "./mif_weights/conv2d_6_kernel_0.mif"
    Info (12134): Parameter "intended_device_family" = "Cyclone V"
    Info (12134): Parameter "lpm_hint" = "ENABLE_RUNTIME_MOD=NO"
    Info (12134): Parameter "lpm_type" = "altsyncram"
    Info (12134): Parameter "maximum_depth" = "512"
    Info (12134): Parameter "numwords_a" = "512"
    Info (12134): Parameter "operation_mode" = "SINGLE_PORT"
    Info (12134): Parameter "outdata_aclr_a" = "NONE"
    Info (12134): Parameter "outdata_reg_a" = "CLOCK0"
    Info (12134): Parameter "power_up_uninitialized" = "FALSE"
    Info (12134): Parameter "read_during_write_mode_port_a" = "NEW_DATA_NO_NBE_READ"
    Info (12134): Parameter "widthad_a" = "9"
    Info (12134): Parameter "width_a" = "8"
    Info (12134): Parameter "width_byteena_a" = "1"
Info (12021): Found 1 design units, including 1 entities, in source file db/altsyncram_lhr1.tdf
    Info (12023): Found entity 1: altsyncram_lhr1 File: D:/Uni/Conv3x3/conv3x3_time_multiplex/db/altsyncram_lhr1.tdf Line: 28
Info (12128): Elaborating entity "altsyncram_lhr1" for hierarchy "weight:weight_rom_inst|altsyncram:altsyncram_component|altsyncram_lhr1:auto_generated" File: c:/intelfpga_lite/20.1/quartus/libraries/megafunctions/altsyncram.tdf Line: 792
Info (12128): Elaborating entity "bias" for hierarchy "bias:bias_rom_inst" File: D:/Uni/Conv3x3/conv3x3_time_multiplex/conv3x3_time_multiplex.v Line: 136
Info (12128): Elaborating entity "altsyncram" for hierarchy "bias:bias_rom_inst|altsyncram:altsyncram_component" File: D:/Uni/Conv3x3/conv3x3_time_multiplex/bias.v Line: 89
Info (12130): Elaborated megafunction instantiation "bias:bias_rom_inst|altsyncram:altsyncram_component" File: D:/Uni/Conv3x3/conv3x3_time_multiplex/bias.v Line: 89
Info (12133): Instantiated megafunction "bias:bias_rom_inst|altsyncram:altsyncram_component" with the following parameter: File: D:/Uni/Conv3x3/conv3x3_time_multiplex/bias.v Line: 89
    Info (12134): Parameter "address_aclr_b" = "NONE"
    Info (12134): Parameter "address_reg_b" = "CLOCK0"
    Info (12134): Parameter "clock_enable_input_a" = "BYPASS"
    Info (12134): Parameter "clock_enable_input_b" = "BYPASS"
    Info (12134): Parameter "clock_enable_output_b" = "BYPASS"
    Info (12134): Parameter "init_file" = "./mif_weights/conv2d_6_bias_0.mif"
    Info (12134): Parameter "intended_device_family" = "Cyclone V"
    Info (12134): Parameter "lpm_type" = "altsyncram"
    Info (12134): Parameter "maximum_depth" = "32"
    Info (12134): Parameter "numwords_a" = "32"
    Info (12134): Parameter "numwords_b" = "32"
    Info (12134): Parameter "operation_mode" = "DUAL_PORT"
    Info (12134): Parameter "outdata_aclr_b" = "NONE"
    Info (12134): Parameter "outdata_reg_b" = "CLOCK0"
    Info (12134): Parameter "power_up_uninitialized" = "FALSE"
    Info (12134): Parameter "read_during_write_mode_mixed_ports" = "DONT_CARE"
    Info (12134): Parameter "widthad_a" = "5"
    Info (12134): Parameter "widthad_b" = "5"
    Info (12134): Parameter "width_a" = "8"
    Info (12134): Parameter "width_b" = "8"
    Info (12134): Parameter "width_byteena_a" = "1"
Info (12021): Found 1 design units, including 1 entities, in source file db/altsyncram_q632.tdf
    Info (12023): Found entity 1: altsyncram_q632 File: D:/Uni/Conv3x3/conv3x3_time_multiplex/db/altsyncram_q632.tdf Line: 28
Info (12128): Elaborating entity "altsyncram_q632" for hierarchy "bias:bias_rom_inst|altsyncram:altsyncram_component|altsyncram_q632:auto_generated" File: c:/intelfpga_lite/20.1/quartus/libraries/megafunctions/altsyncram.tdf Line: 792
Info (12128): Elaborating entity "conv3x3_core" for hierarchy "conv3x3_core:core" File: D:/Uni/Conv3x3/conv3x3_time_multiplex/conv3x3_time_multiplex.v Line: 175
Info (278001): Inferred 2 megafunctions from design logic
    Info (278004): Inferred divider/modulo megafunction ("lpm_divide") from the following logic: "sliding_window_3x3:slider|Mod0" File: D:/Uni/Conv3x3/sliding_window_3x3/sliding_window_3x3.v Line: 28
    Info (278004): Inferred divider/modulo megafunction ("lpm_divide") from the following logic: "sliding_window_3x3:slider|Mod1" File: D:/Uni/Conv3x3/sliding_window_3x3/sliding_window_3x3.v Line: 29
Info (12130): Elaborated megafunction instantiation "sliding_window_3x3:slider|lpm_divide:Mod0" File: D:/Uni/Conv3x3/sliding_window_3x3/sliding_window_3x3.v Line: 28
Info (12133): Instantiated megafunction "sliding_window_3x3:slider|lpm_divide:Mod0" with the following parameter: File: D:/Uni/Conv3x3/sliding_window_3x3/sliding_window_3x3.v Line: 28
    Info (12134): Parameter "LPM_WIDTHN" = "32"
    Info (12134): Parameter "LPM_WIDTHD" = "5"
    Info (12134): Parameter "LPM_NREPRESENTATION" = "UNSIGNED"
    Info (12134): Parameter "LPM_DREPRESENTATION" = "UNSIGNED"
Info (12021): Found 1 design units, including 1 entities, in source file db/lpm_divide_m3m.tdf
    Info (12023): Found entity 1: lpm_divide_m3m File: D:/Uni/Conv3x3/conv3x3_time_multiplex/db/lpm_divide_m3m.tdf Line: 25
Info (12021): Found 1 design units, including 1 entities, in source file db/sign_div_unsign_plh.tdf
    Info (12023): Found entity 1: sign_div_unsign_plh File: D:/Uni/Conv3x3/conv3x3_time_multiplex/db/sign_div_unsign_plh.tdf Line: 25
Info (12021): Found 1 design units, including 1 entities, in source file db/alt_u_div_ove.tdf
    Info (12023): Found entity 1: alt_u_div_ove File: D:/Uni/Conv3x3/conv3x3_time_multiplex/db/alt_u_div_ove.tdf Line: 23
Info (286030): Timing-Driven Synthesis is running
Info (16010): Generating hard_block partition "hard_block:auto_generated_inst"
    Info (16011): Adding 0 node(s), including 0 DDIO, 0 PLL, 0 transceiver and 0 LCELL
Info (21057): Implemented 1369 device resources after synthesis - the final resource count might be different
    Info (21058): Implemented 11 input pins
    Info (21059): Implemented 9 output pins
    Info (21061): Implemented 1325 logic cells
    Info (21064): Implemented 16 RAM segments
    Info (21062): Implemented 8 DSP elements
Info: Quartus Prime Analysis & Synthesis was successful. 0 errors, 8 warnings
    Info: Peak virtual memory: 4857 megabytes
    Info: Processing ended: Mon Jun 09 01:20:25 2025
    Info: Elapsed time: 00:00:12
    Info: Total CPU time (on all processors): 00:00:23


